#
# There is insufficient memory for the Java Runtime Environment to continue.
# Native memory allocation (mmap) failed to map 134217728 bytes for Failed to commit area from 0x0000000081e00000 to 0x0000000089e00000 of length 134217728.
# Possible reasons:
#   The system is out of physical RAM or swap space
#   The process is running with CompressedOops enabled, and the Java Heap may be blocking the growth of the native heap
# Possible solutions:
#   Reduce memory load on the system
#   Increase physical memory or swap space
#   Check if swap backing store is full
#   Decrease Java heap size (-Xmx/-Xms)
#   Decrease number of Java threads
#   Decrease Java thread stack sizes (-Xss)
#   Set larger code cache with -XX:ReservedCodeCacheSize=
# This output file may be truncated or incomplete.
#
#  Out of Memory Error (c:/cygwin64/tmp/openjdk-jdk11u-windows-x64-hotspot/workspace/build/src/src/hotspot/os/windows/os_windows.cpp:3272), pid=12148, tid=15260
#
# JRE version:  (11.0.3+7) (build )
# Java VM: OpenJDK 64-Bit Server VM (11.0.3+7, mixed mode, aot, sharing, tiered, compressed oops, g1 gc, windows-amd64)
# No core dump will be written. Minidumps are not enabled by default on client versions of Windows
#

---------------  S U M M A R Y ------------

Command Line: -Djava.awt.headless=true -Dscanner.home=C:\sonarqube-8.0\sonar-scanner-4.2.0.1873-windows\bin\.. -Dproject.home=C:\wamp64\www\op_projects\p5 org.sonarsource.scanner.cli.Main -Dsonar.projectKey=p5_blog -Dsonar.sources=. -Dsonar.host.url=http://localhost:9000 -Dsonar.login=d67b962c4d1628c19a5510c0fd31e7a45a7558f4

Host: Intel(R) Core(TM) i5-5300U CPU @ 2.30GHz, 4 cores, 7G,  Windows 10 , 64 bit Build 18362 (10.0.18362.329)
Time: Sat Oct 19 14:41:14 2019 Paris, Madrid (heure d?été) elapsed time: 0 seconds (0d 0h 0m 0s)

---------------  T H R E A D  ---------------

Current thread (0x000001cdf18c5800):  JavaThread "Unknown thread" [_thread_in_vm, id=15260, stack(0x0000001fec600000,0x0000001fec700000)]

Stack: [0x0000001fec600000,0x0000001fec700000]
Native frames: (J=compiled Java code, j=interpreted, Vv=VM code, C=native code)
V  [jvm.dll+0x5d6c1a]
V  [jvm.dll+0x70ac7f]
V  [jvm.dll+0x70c30b]
V  [jvm.dll+0x70c9d3]
V  [jvm.dll+0x23f608]
V  [jvm.dll+0x5d415a]
V  [jvm.dll+0x5c9055]
V  [jvm.dll+0x2f3d1c]
V  [jvm.dll+0x2f3ba2]
V  [jvm.dll+0x2f8856]
V  [jvm.dll+0x339d3f]
V  [jvm.dll+0x339770]
V  [jvm.dll+0x2d1b98]
V  [jvm.dll+0x2d2ce6]
V  [jvm.dll+0x6e6e87]
V  [jvm.dll+0x6e85df]
V  [jvm.dll+0x346c19]
V  [jvm.dll+0x6cdcc0]
V  [jvm.dll+0x3ae04f]
V  [jvm.dll+0x3b03b1]
C  [java.exe+0x35fb]
C  [java.exe+0x1986c]
C  [KERNEL32.DLL+0x17bd4]
C  [ntdll.dll+0x6ced1]


---------------  P R O C E S S  ---------------

Threads class SMR info:
_java_thread_list=0x000001cdef747330, length=0, elements={
}

Java Threads: ( => current thread )

Other Threads:
  0x000001cdf18df000 GCTaskThread "GC Thread#0" [stack: 0x0000001fec700000,0x0000001fec800000] [id=10912]
  0x000001cdf190f000 ConcurrentGCThread "G1 Main Marker" [stack: 0x0000001fec800000,0x0000001fec900000] [id=8492]
  0x000001cdf1910800 ConcurrentGCThread "G1 Conc#0" [stack: 0x0000001fec900000,0x0000001feca00000] [id=9160]

[error occurred during error reporting (printing all threads), id 0xc0000005, EXCEPTION_ACCESS_VIOLATION (0xc0000005) at pc=0x00007ffca0c607b7]

VM state:not at safepoint (not fully initialized)

VM Mutex/Monitor currently owned by a thread:  ([mutex/lock_event])
[0x000001cdf18c4240] Heap_lock - owner thread: 0x000001cdf18c5800

Heap address: 0x0000000081e00000, size: 2018 MB, Compressed Oops mode: Non-zero based: 0x0000000081e00000
Narrow klass base: 0x0000000000000000, Narrow klass shift: 0

GC Heap History (0 events):
No events

Deoptimization events (0 events):
No events

Classes redefined (0 events):
No events

Internal exceptions (0 events):
No events

Events (0 events):
No events


Dynamic libraries:
0x00007ff6d5970000 - 0x00007ff6d59ba000 	C:\sonarqube-8.0\sonar-scanner-4.2.0.1873-windows\jre\bin\java.exe
0x00007ffcf6760000 - 0x00007ffcf6950000 	C:\WINDOWS\SYSTEM32\ntdll.dll
0x00007ffcf6630000 - 0x00007ffcf66e2000 	C:\WINDOWS\System32\KERNEL32.DLL
0x00007ffcf3770000 - 0x00007ffcf3a13000 	C:\WINDOWS\System32\KERNELBASE.dll
0x00007ffcf5030000 - 0x00007ffcf51c4000 	C:\WINDOWS\System32\USER32.dll
0x00007ffcf3740000 - 0x00007ffcf3761000 	C:\WINDOWS\System32\win32u.dll
0x00007ffcf4870000 - 0x00007ffcf4896000 	C:\WINDOWS\System32\GDI32.dll
0x00007ffcf3a20000 - 0x00007ffcf3bb4000 	C:\WINDOWS\System32\gdi32full.dll
0x00007ffcf3c40000 - 0x00007ffcf3cde000 	C:\WINDOWS\System32\msvcp_win.dll
0x00007ffcf3ce0000 - 0x00007ffcf3dda000 	C:\WINDOWS\System32\ucrtbase.dll
0x00007ffce4de0000 - 0x00007ffce5065000 	C:\WINDOWS\WinSxS\amd64_microsoft.windows.common-controls_6595b64144ccf1df_6.0.18362.418_none_e6c6b287130d565d\COMCTL32.dll
0x00007ffcf4ee0000 - 0x00007ffcf4f7e000 	C:\WINDOWS\System32\msvcrt.dll
0x00007ffcf4ae0000 - 0x00007ffcf4e16000 	C:\WINDOWS\System32\combase.dll
0x00007ffcf49c0000 - 0x00007ffcf4ae0000 	C:\WINDOWS\System32\RPCRT4.dll
0x00007ffcf3bc0000 - 0x00007ffcf3c40000 	C:\WINDOWS\System32\bcryptPrimitives.dll
0x00007ffcf66f0000 - 0x00007ffcf671e000 	C:\WINDOWS\System32\IMM32.DLL
0x00007ffcce160000 - 0x00007ffcce176000 	C:\sonarqube-8.0\sonar-scanner-4.2.0.1873-windows\jre\bin\vcruntime140.dll
0x00007ffcc5cb0000 - 0x00007ffcc5d4b000 	C:\sonarqube-8.0\sonar-scanner-4.2.0.1873-windows\jre\bin\msvcp140.dll
0x00007ffca0980000 - 0x00007ffca1434000 	C:\sonarqube-8.0\sonar-scanner-4.2.0.1873-windows\jre\bin\server\jvm.dll
0x00007ffcf4e20000 - 0x00007ffcf4ec3000 	C:\WINDOWS\System32\ADVAPI32.dll
0x00007ffcf51d0000 - 0x00007ffcf5267000 	C:\WINDOWS\System32\sechost.dll
0x00007ffcf57b0000 - 0x00007ffcf57b8000 	C:\WINDOWS\System32\PSAPI.DLL
0x00007ffcdc630000 - 0x00007ffcdc639000 	C:\WINDOWS\SYSTEM32\WSOCK32.dll
0x00007ffceef20000 - 0x00007ffceef44000 	C:\WINDOWS\SYSTEM32\WINMM.dll
0x00007ffcf5590000 - 0x00007ffcf55ff000 	C:\WINDOWS\System32\WS2_32.dll
0x00007ffce7ed0000 - 0x00007ffce7eda000 	C:\WINDOWS\SYSTEM32\VERSION.dll
0x00007ffceeef0000 - 0x00007ffceef1d000 	C:\WINDOWS\SYSTEM32\winmmbase.dll
0x00007ffcf36f0000 - 0x00007ffcf373a000 	C:\WINDOWS\System32\cfgmgr32.dll
0x00007ffcf3680000 - 0x00007ffcf3691000 	C:\WINDOWS\System32\kernel.appcore.dll
0x00007ffcd2cc0000 - 0x00007ffcd2cd0000 	C:\sonarqube-8.0\sonar-scanner-4.2.0.1873-windows\jre\bin\verify.dll
0x00007ffcdaf50000 - 0x00007ffcdb144000 	C:\WINDOWS\SYSTEM32\DBGHELP.DLL
0x00007ffcdfa50000 - 0x00007ffcdfa7a000 	C:\WINDOWS\SYSTEM32\dbgcore.DLL
0x00007ffcce060000 - 0x00007ffcce088000 	C:\sonarqube-8.0\sonar-scanner-4.2.0.1873-windows\jre\bin\java.dll
0x00007ffccca90000 - 0x00007ffcccaa6000 	C:\sonarqube-8.0\sonar-scanner-4.2.0.1873-windows\jre\bin\zip.dll
0x00007ffcd2570000 - 0x00007ffcd257a000 	C:\sonarqube-8.0\sonar-scanner-4.2.0.1873-windows\jre\bin\jimage.dll

dbghelp: loaded successfully - version: 4.0.5 - missing functions: none
symbol engine: initialized successfully - sym options: 0x614 - pdb path: .;C:\sonarqube-8.0\sonar-scanner-4.2.0.1873-windows\jre\bin;C:\WINDOWS\SYSTEM32;C:\WINDOWS\WinSxS\amd64_microsoft.windows.common-controls_6595b64144ccf1df_6.0.18362.418_none_e6c6b287130d565d;C:\sonarqube-8.0\sonar-scanner-4.2.0.1873-windows\jre\bin\server

VM Arguments:
jvm_args: -Djava.awt.headless=true -Dscanner.home=C:\sonarqube-8.0\sonar-scanner-4.2.0.1873-windows\bin\.. -Dproject.home=C:\wamp64\www\op_projects\p5 
java_command: org.sonarsource.scanner.cli.Main -Dsonar.projectKey=p5_blog -Dsonar.sources=. -Dsonar.host.url=http://localhost:9000 -Dsonar.login=d67b962c4d1628c19a5510c0fd31e7a45a7558f4
java_class_path (initial): C:\sonarqube-8.0\sonar-scanner-4.2.0.1873-windows\bin\..\lib\sonar-scanner-cli-4.2.0.1873.jar
Launcher Type: SUN_STANDARD

[Global flags]
     intx CICompilerCount                          = 3                                         {product} {ergonomic}
     uint ConcGCThreads                            = 1                                         {product} {ergonomic}
     uint G1ConcRefinementThreads                  = 4                                         {product} {ergonomic}
   size_t G1HeapRegionSize                         = 1048576                                   {product} {ergonomic}
    uintx GCDrainStackTargetSize                   = 64                                        {product} {ergonomic}
   size_t InitialHeapSize                          = 134217728                                 {product} {ergonomic}
   size_t MarkStackSize                            = 4194304                                   {product} {ergonomic}
   size_t MaxHeapSize                              = 2116026368                                {product} {ergonomic}
   size_t MinHeapDeltaBytes                        = 1048576                                   {product} {ergonomic}
    uintx NonNMethodCodeHeapSize                   = 5830092                                {pd product} {ergonomic}
    uintx NonProfiledCodeHeapSize                  = 122914074                              {pd product} {ergonomic}
    uintx ProfiledCodeHeapSize                     = 122914074                              {pd product} {ergonomic}
    uintx ReservedCodeCacheSize                    = 251658240                              {pd product} {ergonomic}
     bool SegmentedCodeCache                       = true                                      {product} {ergonomic}
     bool UseCompressedClassPointers               = true                                 {lp64_product} {ergonomic}
     bool UseCompressedOops                        = true                                 {lp64_product} {ergonomic}
     bool UseG1GC                                  = true                                      {product} {ergonomic}
     bool UseLargePagesIndividualAllocation        = false                                  {pd product} {ergonomic}

Logging:
Log output configuration:
 #0: stdout all=warning uptime,level,tags
 #1: stderr all=off uptime,level,tags

Environment Variables:
JAVA_HOME=C:\sonarqube-8.0\sonar-scanner-4.2.0.1873-windows\bin\..\jre
PATH=C:\Python27\;C:\Python27\Scripts;C:\Program Files (x86)\Common Files\Oracle\Java\javapath;C:\Program Files (x86)\Intel\iCLS Client\;C:\Program Files\Intel\iCLS Client\;C:\Program Files\Common Files\Microsoft Shared\Windows Live;C:\Program Files (x86)\Common Files\Microsoft Shared\Windows Live;C:\WINDOWS\system32;C:\WINDOWS;C:\WINDOWS\System32\Wbem;C:\WINDOWS\System32\WindowsPowerShell\v1.0\;C:\Program Files (x86)\Windows Live\Shared;C:\Program Files\Intel\Intel(R) Management Engine Components\DAL;C:\Program Files\Intel\Intel(R) Management Engine Components\IPT;C:\WINDOWS\System32\OpenSSH\;C:\Program Files\nodejs\;C:\wamp64\bin\mysql\mysql5.7.21\bin;C:\Program Files\Intel\WiFi\bin\;C:\Program Files\Common Files\Intel\WirelessCommon\;C:\Program Files\Git\cmd;C:\ProgramData\ComposerSetup\bin;C:\sonarqube-8.0\sonar-scanner-4.2.0.1873-windows\bin;C:\Program Files\Intel\WiFi\bin\;C:\Program Files\Common Files\Intel\WirelessCommon\;C:\MinGW\bin;C:\Users\HP\AppData\Local\Microsoft\WindowsApps;C:\Users\HP\AppData\Roaming\npm;C:\Users\HP\AppData\Local\Programs\Microsoft VS Code\bin;C:\wamp64\bin\php\php7.2.4;;C:\Program Files\JetBrains\PhpStorm 2019.2\bin;;C:\Users\HP\AppData\Roaming\Composer\vendor\bin
USERNAME=HP
OS=Windows_NT
PROCESSOR_IDENTIFIER=Intel64 Family 6 Model 61 Stepping 4, GenuineIntel



---------------  S Y S T E M  ---------------

OS: Windows 10 , 64 bit Build 18362 (10.0.18362.329)

CPU:total 4 (initial active 4) (2 cores per cpu, 2 threads per core) family 6 model 61 stepping 4, cmov, cx8, fxsr, mmx, sse, sse2, sse3, ssse3, sse4.1, sse4.2, popcnt, avx, avx2, aes, clmul, erms, rtm, 3dnowpref, lzcnt, ht, tsc, tscinvbit, bmi1, bmi2, adx, fma

Memory: 4k page, system-wide physical 8067M (1160M free)
TotalPageFile size 8067M (AvailPageFile size 48M)
current process WorkingSet (physical memory assigned to process): 9M, peak: 9M
current process commit charge ("private bytes"): 51M, peak: 179M

vm_info: OpenJDK 64-Bit Server VM (11.0.3+7) for windows-amd64 JRE (11.0.3+7), built on Apr 18 2019 09:08:27 by "" with MS VC++ 15.8 (VS2017)

END.
